app/build/intermediates/manifest_merge_blame_file/release/processReleaseMainManifest/manifest-merger-blame-release-report.txt
1<?xml version="1.0" encoding="utf-8"?>
2<manifest xmlns:android="http://schemas.android.com/apk/res/android"
3    package="uk.ac.tees.mad.d3617913"
4    android:versionCode="1"
5    android:versionName="1.0" >
6
7    <uses-sdk
8        android:minSdkVersion="24"
9        android:targetSdkVersion="34" />
10
11    <!-- Required permission for App measurement to run. -->
12    <uses-permission android:name="android.permission.INTERNET" />
12-->[com.google.android.gms:play-services-measurement:21.5.1] AndroidManifest.xml:23:5-67
12-->[com.google.android.gms:play-services-measurement:21.5.1] AndroidManifest.xml:23:22-64
13    <uses-permission android:name="android.permission.ACCESS_NETWORK_STATE" />
13-->[com.google.android.gms:play-services-measurement:21.5.1] AndroidManifest.xml:24:5-79
13-->[com.google.android.gms:play-services-measurement:21.5.1] AndroidManifest.xml:24:22-76
14    <uses-permission android:name="android.permission.WAKE_LOCK" />
14-->[com.google.android.gms:play-services-measurement:21.5.1] AndroidManifest.xml:25:5-68
14-->[com.google.android.gms:play-services-measurement:21.5.1] AndroidManifest.xml:25:22-65
15    <uses-permission android:name="com.google.android.finsky.permission.BIND_GET_INSTALL_REFERRER_SERVICE" />
15-->[com.google.android.gms:play-services-measurement:21.5.1] AndroidManifest.xml:26:5-110
15-->[com.google.android.gms:play-services-measurement:21.5.1] AndroidManifest.xml:26:22-107
16    <uses-permission android:name="com.google.android.gms.permission.AD_ID" />
16-->[com.google.android.gms:play-services-measurement-api:21.5.1] AndroidManifest.xml:25:5-79
16-->[com.google.android.gms:play-services-measurement-api:21.5.1] AndroidManifest.xml:25:22-76
17    <uses-permission android:name="android.permission.ACCESS_ADSERVICES_ATTRIBUTION" />
17-->[com.google.android.gms:play-services-measurement-api:21.5.1] AndroidManifest.xml:26:5-88
17-->[com.google.android.gms:play-services-measurement-api:21.5.1] AndroidManifest.xml:26:22-85
18    <uses-permission android:name="android.permission.ACCESS_ADSERVICES_AD_ID" />
18-->[com.google.android.gms:play-services-measurement-api:21.5.1] AndroidManifest.xml:27:5-82
18-->[com.google.android.gms:play-services-measurement-api:21.5.1] AndroidManifest.xml:27:22-79
19
20    <permission
20-->[androidx.core:core:1.12.0] AndroidManifest.xml:22:5-24:47
21        android:name="uk.ac.tees.mad.d3617913.DYNAMIC_RECEIVER_NOT_EXPORTED_PERMISSION"
21-->[androidx.core:core:1.12.0] AndroidManifest.xml:23:9-81
22        android:protectionLevel="signature" />
22-->[androidx.core:core:1.12.0] AndroidManifest.xml:24:9-44
23
24    <uses-permission android:name="uk.ac.tees.mad.d3617913.DYNAMIC_RECEIVER_NOT_EXPORTED_PERMISSION" />
24-->[androidx.core:core:1.12.0] AndroidManifest.xml:26:5-97
24-->[androidx.core:core:1.12.0] AndroidManifest.xml:26:22-94
25
26    <application
26-->src\main\AndroidManifest.xml:5:5-27:19
27        android:name="uk.ac.tees.mad.d3617913.NewsApplication"
27-->src\main\AndroidManifest.xml:6:9-40
28        android:allowBackup="true"
28-->src\main\AndroidManifest.xml:7:9-35
29        android:appComponentFactory="androidx.core.app.CoreComponentFactory"
29-->[androidx.core:core:1.12.0] AndroidManifest.xml:28:18-86
30        android:dataExtractionRules="@xml/data_extraction_rules"
30-->src\main\AndroidManifest.xml:8:9-65
31        android:extractNativeLibs="false"
32        android:fullBackupContent="@xml/backup_rules"
32-->src\main\AndroidManifest.xml:9:9-54
33        android:icon="@mipmap/ic_launcher"
33-->src\main\AndroidManifest.xml:10:9-43
34        android:label="@string/app_name"
34-->src\main\AndroidManifest.xml:11:9-41
35        android:roundIcon="@mipmap/ic_launcher_round"
35-->src\main\AndroidManifest.xml:12:9-54
36        android:supportsRtl="true"
36-->src\main\AndroidManifest.xml:13:9-35
37        android:theme="@style/App.Starting.Theme" >
37-->src\main\AndroidManifest.xml:14:9-50
38        <activity
38-->src\main\AndroidManifest.xml:16:9-26:20
39            android:name="uk.ac.tees.mad.d3617913.MainActivity"
39-->src\main\AndroidManifest.xml:17:13-41
40            android:exported="true"
40-->src\main\AndroidManifest.xml:18:13-36
41            android:label="@string/app_name"
41-->src\main\AndroidManifest.xml:19:13-45
42            android:theme="@style/App.Starting.Theme" >
42-->src\main\AndroidManifest.xml:20:13-54
43            <intent-filter>
43-->src\main\AndroidManifest.xml:21:13-25:29
44                <action android:name="android.intent.action.MAIN" />
44-->src\main\AndroidManifest.xml:22:17-69
44-->src\main\AndroidManifest.xml:22:25-66
45
46                <category android:name="android.intent.category.LAUNCHER" />
46-->src\main\AndroidManifest.xml:24:17-77
46-->src\main\AndroidManifest.xml:24:27-74
47            </intent-filter>
48        </activity>
49
50        <receiver
50-->[com.google.android.gms:play-services-measurement:21.5.1] AndroidManifest.xml:29:9-33:20
51            android:name="com.google.android.gms.measurement.AppMeasurementReceiver"
51-->[com.google.android.gms:play-services-measurement:21.5.1] AndroidManifest.xml:30:13-85
52            android:enabled="true"
52-->[com.google.android.gms:play-services-measurement:21.5.1] AndroidManifest.xml:31:13-35
53            android:exported="false" >
53-->[com.google.android.gms:play-services-measurement:21.5.1] AndroidManifest.xml:32:13-37
54        </receiver>
55
56        <service
56-->[com.google.android.gms:play-services-measurement:21.5.1] AndroidManifest.xml:35:9-38:40
57            android:name="com.google.android.gms.measurement.AppMeasurementService"
57-->[com.google.android.gms:play-services-measurement:21.5.1] AndroidManifest.xml:36:13-84
58            android:enabled="true"
58-->[com.google.android.gms:play-services-measurement:21.5.1] AndroidManifest.xml:37:13-35
59            android:exported="false" />
59-->[com.google.android.gms:play-services-measurement:21.5.1] AndroidManifest.xml:38:13-37
60        <service
60-->[com.google.android.gms:play-services-measurement:21.5.1] AndroidManifest.xml:39:9-43:72
61            android:name="com.google.android.gms.measurement.AppMeasurementJobService"
61-->[com.google.android.gms:play-services-measurement:21.5.1] AndroidManifest.xml:40:13-87
62            android:enabled="true"
62-->[com.google.android.gms:play-services-measurement:21.5.1] AndroidManifest.xml:41:13-35
63            android:exported="false"
63-->[com.google.android.gms:play-services-measurement:21.5.1] AndroidManifest.xml:42:13-37
64            android:permission="android.permission.BIND_JOB_SERVICE" />
64-->[com.google.android.gms:play-services-measurement:21.5.1] AndroidManifest.xml:43:13-69
65
66        <property
66-->[com.google.android.gms:play-services-measurement-api:21.5.1] AndroidManifest.xml:30:9-32:61
67            android:name="android.adservices.AD_SERVICES_CONFIG"
67-->[com.google.android.gms:play-services-measurement-api:21.5.1] AndroidManifest.xml:31:13-65
68            android:resource="@xml/ga_ad_services_config" />
68-->[com.google.android.gms:play-services-measurement-api:21.5.1] AndroidManifest.xml:32:13-58
69
70        <service
70-->[com.google.android.gms:play-services-measurement-api:21.5.1] AndroidManifest.xml:34:9-40:19
71            android:name="com.google.firebase.components.ComponentDiscoveryService"
71-->[com.google.android.gms:play-services-measurement-api:21.5.1] AndroidManifest.xml:35:13-84
72            android:directBootAware="true"
72-->[com.google.firebase:firebase-common:20.4.2] AndroidManifest.xml:32:13-43
73            android:exported="false" >
73-->[com.google.android.gms:play-services-measurement-api:21.5.1] AndroidManifest.xml:36:13-37
74            <meta-data
74-->[com.google.android.gms:play-services-measurement-api:21.5.1] AndroidManifest.xml:37:13-39:85
75                android:name="com.google.firebase.components:com.google.firebase.analytics.connector.internal.AnalyticsConnectorRegistrar"
75-->[com.google.android.gms:play-services-measurement-api:21.5.1] AndroidManifest.xml:38:17-139
76                android:value="com.google.firebase.components.ComponentRegistrar" />
76-->[com.google.android.gms:play-services-measurement-api:21.5.1] AndroidManifest.xml:39:17-82
77            <meta-data
77-->[com.google.firebase:firebase-installations:17.2.0] AndroidManifest.xml:15:13-17:85
78                android:name="com.google.firebase.components:com.google.firebase.installations.FirebaseInstallationsKtxRegistrar"
78-->[com.google.firebase:firebase-installations:17.2.0] AndroidManifest.xml:16:17-130
79                android:value="com.google.firebase.components.ComponentRegistrar" />
79-->[com.google.firebase:firebase-installations:17.2.0] AndroidManifest.xml:17:17-82
80            <meta-data
80-->[com.google.firebase:firebase-installations:17.2.0] AndroidManifest.xml:18:13-20:85
81                android:name="com.google.firebase.components:com.google.firebase.installations.FirebaseInstallationsRegistrar"
81-->[com.google.firebase:firebase-installations:17.2.0] AndroidManifest.xml:19:17-127
82                android:value="com.google.firebase.components.ComponentRegistrar" />
82-->[com.google.firebase:firebase-installations:17.2.0] AndroidManifest.xml:20:17-82
83            <meta-data
83-->[com.google.firebase:firebase-common-ktx:20.4.2] AndroidManifest.xml:12:13-14:85
84                android:name="com.google.firebase.components:com.google.firebase.ktx.FirebaseCommonLegacyRegistrar"
84-->[com.google.firebase:firebase-common-ktx:20.4.2] AndroidManifest.xml:13:17-116
85                android:value="com.google.firebase.components.ComponentRegistrar" />
85-->[com.google.firebase:firebase-common-ktx:20.4.2] AndroidManifest.xml:14:17-82
86            <meta-data
86-->[com.google.firebase:firebase-common:20.4.2] AndroidManifest.xml:35:13-37:85
87                android:name="com.google.firebase.components:com.google.firebase.FirebaseCommonKtxRegistrar"
87-->[com.google.firebase:firebase-common:20.4.2] AndroidManifest.xml:36:17-109
88                android:value="com.google.firebase.components.ComponentRegistrar" />
88-->[com.google.firebase:firebase-common:20.4.2] AndroidManifest.xml:37:17-82
89        </service>
90
91        <provider
91-->[com.google.firebase:firebase-common:20.4.2] AndroidManifest.xml:23:9-28:39
92            android:name="com.google.firebase.provider.FirebaseInitProvider"
92-->[com.google.firebase:firebase-common:20.4.2] AndroidManifest.xml:24:13-77
93            android:authorities="uk.ac.tees.mad.d3617913.firebaseinitprovider"
93-->[com.google.firebase:firebase-common:20.4.2] AndroidManifest.xml:25:13-72
94            android:directBootAware="true"
94-->[com.google.firebase:firebase-common:20.4.2] AndroidManifest.xml:26:13-43
95            android:exported="false"
95-->[com.google.firebase:firebase-common:20.4.2] AndroidManifest.xml:27:13-37
96            android:initOrder="100" />
96-->[com.google.firebase:firebase-common:20.4.2] AndroidManifest.xml:28:13-36
97        <provider
97-->[androidx.emoji2:emoji2:1.3.0] AndroidManifest.xml:24:9-32:20
98            android:name="androidx.startup.InitializationProvider"
98-->[androidx.emoji2:emoji2:1.3.0] AndroidManifest.xml:25:13-67
99            android:authorities="uk.ac.tees.mad.d3617913.androidx-startup"
99-->[androidx.emoji2:emoji2:1.3.0] AndroidManifest.xml:26:13-68
100            android:exported="false" >
100-->[androidx.emoji2:emoji2:1.3.0] AndroidManifest.xml:27:13-37
101            <meta-data
101-->[androidx.emoji2:emoji2:1.3.0] AndroidManifest.xml:29:13-31:52
102                android:name="androidx.emoji2.text.EmojiCompatInitializer"
102-->[androidx.emoji2:emoji2:1.3.0] AndroidManifest.xml:30:17-75
103                android:value="androidx.startup" />
103-->[androidx.emoji2:emoji2:1.3.0] AndroidManifest.xml:31:17-49
104            <meta-data
104-->[androidx.lifecycle:lifecycle-process:2.7.0] AndroidManifest.xml:29:13-31:52
105                android:name="androidx.lifecycle.ProcessLifecycleInitializer"
105-->[androidx.lifecycle:lifecycle-process:2.7.0] AndroidManifest.xml:30:17-78
106                android:value="androidx.startup" />
106-->[androidx.lifecycle:lifecycle-process:2.7.0] AndroidManifest.xml:31:17-49
107            <meta-data
107-->[androidx.profileinstaller:profileinstaller:1.3.0] AndroidManifest.xml:29:13-31:52
108                android:name="androidx.profileinstaller.ProfileInstallerInitializer"
108-->[androidx.profileinstaller:profileinstaller:1.3.0] AndroidManifest.xml:30:17-85
109                android:value="androidx.startup" />
109-->[androidx.profileinstaller:profileinstaller:1.3.0] AndroidManifest.xml:31:17-49
110        </provider>
111
112        <uses-library
112-->[androidx.privacysandbox.ads:ads-adservices:1.0.0-beta05] AndroidManifest.xml:23:9-25:40
113            android:name="android.ext.adservices"
113-->[androidx.privacysandbox.ads:ads-adservices:1.0.0-beta05] AndroidManifest.xml:24:13-50
114            android:required="false" />
114-->[androidx.privacysandbox.ads:ads-adservices:1.0.0-beta05] AndroidManifest.xml:25:13-37
115
116        <meta-data
116-->[com.google.android.gms:play-services-basement:18.1.0] AndroidManifest.xml:21:9-23:69
117            android:name="com.google.android.gms.version"
117-->[com.google.android.gms:play-services-basement:18.1.0] AndroidManifest.xml:22:13-58
118            android:value="@integer/google_play_services_version" />
118-->[com.google.android.gms:play-services-basement:18.1.0] AndroidManifest.xml:23:13-66
119
120        <service
120-->[androidx.room:room-runtime:2.6.1] AndroidManifest.xml:24:9-28:63
121            android:name="androidx.room.MultiInstanceInvalidationService"
121-->[androidx.room:room-runtime:2.6.1] AndroidManifest.xml:25:13-74
122            android:directBootAware="true"
122-->[androidx.room:room-runtime:2.6.1] AndroidManifest.xml:26:13-43
123            android:exported="false" />
123-->[androidx.room:room-runtime:2.6.1] AndroidManifest.xml:27:13-37
124
125        <receiver
125-->[androidx.profileinstaller:profileinstaller:1.3.0] AndroidManifest.xml:34:9-52:20
126            android:name="androidx.profileinstaller.ProfileInstallReceiver"
126-->[androidx.profileinstaller:profileinstaller:1.3.0] AndroidManifest.xml:35:13-76
127            android:directBootAware="false"
127-->[androidx.profileinstaller:profileinstaller:1.3.0] AndroidManifest.xml:36:13-44
128            android:enabled="true"
128-->[androidx.profileinstaller:profileinstaller:1.3.0] AndroidManifest.xml:37:13-35
129            android:exported="true"
129-->[androidx.profileinstaller:profileinstaller:1.3.0] AndroidManifest.xml:38:13-36
130            android:permission="android.permission.DUMP" >
130-->[androidx.profileinstaller:profileinstaller:1.3.0] AndroidManifest.xml:39:13-57
131            <intent-filter>
131-->[androidx.profileinstaller:profileinstaller:1.3.0] AndroidManifest.xml:40:13-42:29
132                <action android:name="androidx.profileinstaller.action.INSTALL_PROFILE" />
132-->[androidx.profileinstaller:profileinstaller:1.3.0] AndroidManifest.xml:41:17-91
132-->[androidx.profileinstaller:profileinstaller:1.3.0] AndroidManifest.xml:41:25-88
133            </intent-filter>
134            <intent-filter>
134-->[androidx.profileinstaller:profileinstaller:1.3.0] AndroidManifest.xml:43:13-45:29
135                <action android:name="androidx.profileinstaller.action.SKIP_FILE" />
135-->[androidx.profileinstaller:profileinstaller:1.3.0] AndroidManifest.xml:44:17-85
135-->[androidx.profileinstaller:profileinstaller:1.3.0] AndroidManifest.xml:44:25-82
136            </intent-filter>
137            <intent-filter>
137-->[androidx.profileinstaller:profileinstaller:1.3.0] AndroidManifest.xml:46:13-48:29
138                <action android:name="androidx.profileinstaller.action.SAVE_PROFILE" />
138-->[androidx.profileinstaller:profileinstaller:1.3.0] AndroidManifest.xml:47:17-88
138-->[androidx.profileinstaller:profileinstaller:1.3.0] AndroidManifest.xml:47:25-85
139            </intent-filter>
140            <intent-filter>
140-->[androidx.profileinstaller:profileinstaller:1.3.0] AndroidManifest.xml:49:13-51:29
141                <action android:name="androidx.profileinstaller.action.BENCHMARK_OPERATION" />
141-->[androidx.profileinstaller:profileinstaller:1.3.0] AndroidManifest.xml:50:17-95
141-->[androidx.profileinstaller:profileinstaller:1.3.0] AndroidManifest.xml:50:25-92
142            </intent-filter>
143        </receiver>
144    </application>
145
146</manifest>